{"total": {"lines":{"total":100,"covered":75,"skipped":0,"pct":75},"statements":{"total":100,"covered":75,"skipped":0,"pct":75},"functions":{"total":36,"covered":30,"skipped":0,"pct":83.33},"branches":{"total":31,"covered":19,"skipped":0,"pct":61.29}}
,"/Users/tgalpin/Desktop/projects/vue-practice/covid-dashboard/src/components/BarChart.vue": {"lines":{"total":24,"covered":10,"skipped":0,"pct":41.67},"functions":{"total":8,"covered":6,"skipped":0,"pct":75},"statements":{"total":24,"covered":10,"skipped":0,"pct":41.67},"branches":{"total":11,"covered":4,"skipped":0,"pct":36.36}}
,"/Users/tgalpin/Desktop/projects/vue-practice/covid-dashboard/src/components/nav/AnimatedSubMenu.vue": {"lines":{"total":6,"covered":6,"skipped":0,"pct":100},"functions":{"total":4,"covered":4,"skipped":0,"pct":100},"statements":{"total":6,"covered":6,"skipped":0,"pct":100},"branches":{"total":2,"covered":2,"skipped":0,"pct":100}}
,"/Users/tgalpin/Desktop/projects/vue-practice/covid-dashboard/src/components/nav/SideNav.vue": {"lines":{"total":9,"covered":9,"skipped":0,"pct":100},"functions":{"total":5,"covered":5,"skipped":0,"pct":100},"statements":{"total":9,"covered":9,"skipped":0,"pct":100},"branches":{"total":0,"covered":0,"skipped":0,"pct":100}}
,"/Users/tgalpin/Desktop/projects/vue-practice/covid-dashboard/src/views/About.vue": {"lines":{"total":8,"covered":8,"skipped":0,"pct":100},"functions":{"total":5,"covered":5,"skipped":0,"pct":100},"statements":{"total":8,"covered":8,"skipped":0,"pct":100},"branches":{"total":2,"covered":2,"skipped":0,"pct":100}}
,"/Users/tgalpin/Desktop/projects/vue-practice/covid-dashboard/src/views/Home.vue": {"lines":{"total":53,"covered":42,"skipped":0,"pct":79.25},"functions":{"total":14,"covered":10,"skipped":0,"pct":71.43},"statements":{"total":53,"covered":42,"skipped":0,"pct":79.25},"branches":{"total":16,"covered":11,"skipped":0,"pct":68.75}}
}
