TN:
SF:/Users/tgalpin/Desktop/projects/vue-practice/covid-dashboard/src/components/BarChart.vue
FN:24,(anonymous_1)
FN:51,(anonymous_2)
FN:54,(anonymous_3)
FN:73,(anonymous_4)
FN:95,(anonymous_5)
FN:110,(anonymous_6)
FN:125,(anonymous_7)
FN:149,(anonymous_8)
FNF:8
FNH:6
FNDA:1,(anonymous_1)
FNDA:0,(anonymous_2)
FNDA:0,(anonymous_3)
FNDA:3,(anonymous_4)
FNDA:4,(anonymous_5)
FNDA:1,(anonymous_6)
FNDA:4,(anonymous_7)
FNDA:1,(anonymous_8)
DA:2,2
DA:25,1
DA:52,0
DA:55,0
DA:74,3
DA:75,3
DA:77,3
DA:82,0
DA:96,4
DA:111,1
DA:126,4
DA:128,0
DA:129,0
DA:131,0
DA:132,0
DA:134,0
DA:135,0
DA:137,0
DA:138,0
DA:140,0
DA:141,0
DA:142,0
DA:144,4
DA:150,1
LF:24
LH:10
BRDA:77,0,0,0
BRDA:77,0,1,3
BRDA:77,1,0,3
BRDA:77,1,1,0
BRDA:77,1,2,3
BRDA:127,2,0,0
BRDA:127,2,1,0
BRDA:127,2,2,0
BRDA:127,2,3,0
BRDA:127,2,4,0
BRDA:127,2,5,4
BRF:11
BRH:4
end_of_record
TN:
SF:/Users/tgalpin/Desktop/projects/vue-practice/covid-dashboard/src/components/nav/AnimatedSubMenu.vue
FN:55,(anonymous_1)
FN:66,(anonymous_2)
FN:76,(anonymous_3)
FN:91,(anonymous_4)
FNF:4
FNH:4
FNDA:4,(anonymous_1)
FNDA:17,(anonymous_2)
FNDA:18,(anonymous_3)
FNDA:1,(anonymous_4)
DA:56,4
DA:67,17
DA:77,18
DA:82,18
DA:83,18
DA:92,1
LF:6
LH:6
BRDA:82,0,0,1
BRDA:82,0,1,17
BRF:2
BRH:2
end_of_record
TN:
SF:/Users/tgalpin/Desktop/projects/vue-practice/covid-dashboard/src/components/nav/SideNav.vue
FN:45,(anonymous_1)
FN:59,(anonymous_2)
FN:63,(anonymous_3)
FN:77,(anonymous_4)
FN:78,(anonymous_5)
FNF:5
FNH:5
FNDA:3,(anonymous_1)
FNDA:7,(anonymous_2)
FNDA:392,(anonymous_3)
FNDA:9,(anonymous_4)
FNDA:1628,(anonymous_5)
DA:36,1
DA:37,1
DA:46,3
DA:60,7
DA:61,7
DA:63,7
DA:64,392
DA:78,9
DA:79,1628
LF:9
LH:9
BRF:0
BRH:0
end_of_record
TN:
SF:/Users/tgalpin/Desktop/projects/vue-practice/covid-dashboard/src/views/About.vue
FN:46,(anonymous_1)
FN:50,(anonymous_2)
FN:80,(anonymous_3)
FN:121,(anonymous_4)
FN:124,(anonymous_5)
FNF:5
FNH:5
FNDA:3,(anonymous_1)
FNDA:3,(anonymous_2)
FNDA:3,(anonymous_3)
FNDA:4,(anonymous_4)
FNDA:79,(anonymous_5)
DA:42,1
DA:47,3
DA:51,3
DA:110,3
DA:122,4
DA:124,4
DA:125,83
DA:127,79
LF:8
LH:8
BRDA:125,0,0,4
BRDA:125,0,1,75
BRF:2
BRH:2
end_of_record
TN:
SF:/Users/tgalpin/Desktop/projects/vue-practice/covid-dashboard/src/views/Home.vue
FN:48,(anonymous_1)
FN:66,(anonymous_2)
FN:93,(anonymous_3)
FN:98,(anonymous_4)
FN:108,(anonymous_5)
FN:150,(anonymous_6)
FN:162,(anonymous_7)
FN:183,(anonymous_8)
FN:184,(anonymous_9)
FN:198,(anonymous_10)
FN:213,(anonymous_11)
FN:226,(anonymous_12)
FN:233,(anonymous_13)
FN:251,(anonymous_14)
FNF:14
FNH:10
FNDA:11,(anonymous_1)
FNDA:0,(anonymous_2)
FNDA:0,(anonymous_3)
FNDA:11,(anonymous_4)
FNDA:11,(anonymous_5)
FNDA:16,(anonymous_6)
FNDA:13,(anonymous_7)
FNDA:11,(anonymous_8)
FNDA:0,(anonymous_9)
FNDA:0,(anonymous_10)
FNDA:1,(anonymous_11)
FNDA:4,(anonymous_12)
FNDA:12,(anonymous_13)
FNDA:2,(anonymous_14)
DA:33,1
DA:34,1
DA:35,1
DA:37,1
DA:38,1
DA:39,1
DA:49,11
DA:67,0
DA:94,0
DA:99,11
DA:111,11
DA:112,11
DA:114,11
DA:124,11
DA:126,11
DA:127,11
DA:133,0
DA:136,11
DA:137,0
DA:138,0
DA:139,0
DA:151,16
DA:152,16
DA:154,22
DA:163,13
DA:164,13
DA:165,13
DA:166,13
DA:167,13
DA:173,13
DA:184,11
DA:189,0
DA:190,0
DA:194,0
DA:202,0
DA:203,0
DA:214,1
DA:215,1
DA:216,1
DA:217,1
DA:218,1
DA:227,4
DA:233,4
DA:235,12
DA:236,12
DA:237,12
DA:239,12
DA:240,12
DA:241,12
DA:244,4
DA:252,2
DA:253,2
DA:257,2
LF:53
LH:42
BRDA:124,0,0,3
BRDA:124,0,1,8
BRDA:136,1,0,0
BRDA:136,1,1,11
BRDA:152,2,0,6
BRDA:152,2,1,10
BRDA:154,3,0,6
BRDA:154,3,1,10
BRDA:190,4,0,0
BRDA:190,4,1,0
BRDA:235,5,0,12
BRDA:235,5,1,0
BRDA:237,6,0,12
BRDA:237,6,1,0
BRDA:253,7,0,1
BRDA:253,7,1,1
BRF:16
BRH:11
end_of_record
